Compiling procedure CHECK_PACKAGE_FAILURE... 
   No compilation errors.

Compiling procedure QUERY_MASTER_DETAILS... 
   No compilation errors.

Compiling procedure CLEAR_ALL_MASTER_DETAILS... 
   No compilation errors.

Compiling ON-CLEAR-DETAILS trigger on form...
   No compilation errors.

Compiling ON-POPULATE-DETAILS trigger on EMPLOYEE data block...
   No compilation errors.

Compiling ON-CHECK-DELETE-MASTER trigger on EMPLOYEE data block...
   No compilation errors.

Compiling POST-QUERY trigger on EMPLOYEE data block...
   No compilation errors.

Compiling WHEN-BUTTON-PRESSED trigger on PREVIEW item in EMPLOYEE data block...
   No compilation errors.

Compiling PRE-INSERT trigger on EDUCATION_D data block...
   No compilation errors.

Compiling PRE-INSERT trigger on SKILLS data block...
   No compilation errors.

Compiling PRE-INSERT trigger on TRAINING data block...
   No compilation errors.

Compiling PRE-INSERT trigger on MEMBERSHIP data block...
   No compilation errors.

Compiling PRE-INSERT trigger on WORKHISTORY data block...
   No compilation errors.

Compiling PRE-INSERT trigger on LKNOWN_D data block...
   No compilation errors.


Created form file D:\Hrd\FORMS\Biodata.fmx
