Compiling WHEN-NEW-FORM-INSTANCE trigger on form...
   No compilation errors.

Compiling PRE-TEXT-ITEM trigger on form...
   No compilation errors.

Compiling POST-TEXT-ITEM trigger on form...
   No compilation errors.

Compiling POST-QUERY trigger on SUSPEND_M data block...
   No compilation errors.

Compiling WHEN-BUTTON-PRESSED trigger on ITEM161 item in SUSPEND_M data block...
   No compilation errors.

Compiling KEY-NEXT-ITEM trigger on EMPID item in SUSPEND_M data block...
   No compilation errors.

Compiling WHEN-BUTTON-PRESSED trigger on LOV item in SUSPEND_M data block...
   No compilation errors.

Compiling PRE-INSERT trigger on SUSPEND_D data block...
   No compilation errors.

Compiling KEY-NEXT-ITEM trigger on MEMONO item in SUSPEND_D data block...
   No compilation errors.

Compiling WHEN-RADIO-CHANGED trigger on INOFFTYPE item in SUSPEND_D data block...
   No compilation errors.

Compiling WHEN-LIST-CHANGED trigger on INOFFNAME item in SUSPEND_D data block...
   No compilation errors.

Compiling WHEN-LIST-CHANGED trigger on OFFSECTOR item in SUSPEND_D data block...
   No compilation errors.

Compiling WHEN-LIST-CHANGED trigger on OFFDEPT item in SUSPEND_D data block...
   No compilation errors.

Compiling WHEN-BUTTON-PRESSED trigger on UPDATE item in SUSPEND_D data block...
   No compilation errors.

Compiling WHEN-BUTTON-PRESSED trigger on ADDRECORD item in SUSPEND_D data block...
   No compilation errors.

Compiling WHEN-BUTTON-PRESSED trigger on DELETE item in SUSPEND_D data block...
   No compilation errors.

Compiling WHEN-BUTTON-PRESSED trigger on PUSH_BUTTON162 item in SUSPEND_D data block...
   No compilation errors.


Created form file G:\Hrd\FORMS\DISACTION.fmx
