Compiling procedure CHECK_PACKAGE_FAILURE... 
   No compilation errors.

Compiling procedure QUERY_MASTER_DETAILS... 
   No compilation errors.

Compiling procedure CLEAR_ALL_MASTER_DETAILS... 
   No compilation errors.

Compiling WHEN-NEW-FORM-INSTANCE trigger on form...
   No compilation errors.

Compiling POST-TEXT-ITEM trigger on form...
   No compilation errors.

Compiling PRE-TEXT-ITEM trigger on form...
   No compilation errors.

Compiling ON-CLEAR-DETAILS trigger on form...
   No compilation errors.

Compiling PRE-INSERT trigger on ITAX data block...
   No compilation errors.

Compiling ON-POPULATE-DETAILS trigger on ITAX data block...
   No compilation errors.

Compiling PRE-DELETE trigger on ITAX data block...
   No compilation errors.

Compiling KEY-NEXT-ITEM trigger on ACTDATE item in ITAX data block...
   No compilation errors.

Compiling WHEN-BUTTON-PRESSED trigger on SAVE item in ITAX data block...
   No compilation errors.

Compiling WHEN-BUTTON-PRESSED trigger on PADD item in ITAX data block...
   No compilation errors.

Compiling WHEN-BUTTON-PRESSED trigger on EXIT item in ITAX data block...
   No compilation errors.

Compiling WHEN-BUTTON-PRESSED trigger on DELETERECORD item in ITAXDETAIL data block...
   No compilation errors.


Created form file G:\Hrd\FORMS\itax.fmx
