Compiling WHEN-NEW-FORM-INSTANCE trigger on form...
   No compilation errors.

Compiling PRE-TEXT-ITEM trigger on form...
   No compilation errors.

Compiling POST-TEXT-ITEM trigger on form...
   No compilation errors.

Compiling POST-QUERY trigger on LEAVEAPP data block...
   No compilation errors.

Compiling WHEN-VALIDATE-ITEM trigger on LTYPENAME item in LEAVEAPP data block...
   No compilation errors.

Compiling WHEN-BUTTON-PRESSED trigger on SHOW_LOV_ALL item in LEAVEAPP data block...
   No compilation errors.

Compiling FORMULA-CALCULATION trigger on CALCU item in LEAVEAPP data block...
   No compilation errors.

Compiling WHEN-BUTTON-PRESSED trigger on ADDRECORD item in LEAVEAPP data block...
   No compilation errors.

Compiling WHEN-BUTTON-PRESSED trigger on ITEM27 item in LEAVEAPP data block...
   No compilation errors.

Compiling WHEN-BUTTON-PRESSED trigger on PUSH_BUTTON61 item in LEAVEAPP data block...
   No compilation errors.

Compiling WHEN-BUTTON-PRESSED trigger on PRINT item in LEAVEAPP data block...
   No compilation errors.

Compiling WHEN-BUTTON-PRESSED trigger on ADD item in LEAVEAPP data block...
   No compilation errors.

Compiling WHEN-BUTTON-PRESSED trigger on EDIT item in LEAVEAPP data block...
   No compilation errors.

Compiling WHEN-BUTTON-PRESSED trigger on PROCESS item in LEAVEAPP data block...
   No compilation errors.

Compiling WHEN-BUTTON-PRESSED trigger on DEL item in LEAVE data block...
   No compilation errors.

Compiling FORMULA-CALCULATION trigger on RDAYS item in LEAVEDEL data block...
   No compilation errors.

Compiling WHEN-BUTTON-PRESSED trigger on DELETE item in LEAVEDEL data block...
   No compilation errors.


Created form file D:\Hrd\FORMS\LeaveApp.fmx
