Compiling WHEN-NEW-FORM-INSTANCE trigger on form...
   No compilation errors.

Compiling PRE-TEXT-ITEM trigger on form...
   No compilation errors.

Compiling POST-TEXT-ITEM trigger on form...
   No compilation errors.

Compiling PRE-INSERT trigger on LOAN data block...
   No compilation errors.

Compiling POST-QUERY trigger on LOAN data block...
   No compilation errors.

Compiling KEY-NEXT-ITEM trigger on NOINST item in LOAN data block...
   No compilation errors.

Compiling FORMULA-CALCULATION trigger on INSTAMOUNT item in LOAN data block...
   No compilation errors.

Compiling FORMULA-CALCULATION trigger on TLWINST item in LOAN data block...
   No compilation errors.

Compiling WHEN-BUTTON-PRESSED trigger on EXIT item in LOAN data block...
   No compilation errors.

Compiling WHEN-BUTTON-PRESSED trigger on ADDRECORD item in LOAN data block...
   No compilation errors.

Compiling WHEN-BUTTON-PRESSED trigger on ADD item in LOAN data block...
   No compilation errors.

Compiling WHEN-BUTTON-PRESSED trigger on DELETERECORD item in LOAN data block...
   No compilation errors.


Created form file G:\Hrd\FORMS\LOAN.fmx
